Arguments: 
  /Users/alexandrebini/.nvm/versions/node/v7.2.1/bin/node /Users/alexandrebini/.nvm/versions/node/v7.2.1/bin/yarn install

PATH: 
  /Users/alexandrebini/.nvm/versions/node/v7.2.1/bin:/Users/alexandrebini/.rbenv/shims:/Users/alexandrebini/.rbenv/bin:/usr/local/bin:/usr/bin:/bin:/usr/sbin:/sbin:/Users/alexandrebini/Library/Android/sdk/tools::/Users/alexandrebini/Library/Android/sdk/platform-tools

Yarn version: 
  0.17.10

Node version: 
  7.2.1

Platform: 
  darwin x64

npm manifest: 
  {
    "name": "mttrs",
    "version": "0.1.0",
    "scripts": {
      "start": "DEBUG=true ./node_modules/nodemon/bin/nodemon.js --exec ./node_modules/babel-cli/bin/babel-node.js ./app/server/server.js -w ./app",
      "build-webpack": "./node_modules/webpack/bin/webpack.js -p --config ./app/server/webpack.production.js --progress --colors",
      "build-babel": "./node_modules/babel-cli/bin/babel.js ./app --out-dir ./build --source-maps --copy-files",
      "build": "npm run build-webpack && npm run build-babel"
    },
    "dependencies": {
      "apollo-client": "^0.5.12",
      "babel-cli": "^6.18.0",
      "babel-core": "^6.18.2",
      "babel-eslint": "^7.1.1",
      "babel-loader": "^6.2.8",
      "babel-preset-es2015": "^6.18.0",
      "babel-preset-react": "^6.16.0",
      "babel-preset-react-hmre": "^1.1.1",
      "babel-preset-stage-0": "^6.16.0",
      "cloudinary-core": "^2.1.7",
      "cross-env": "^3.1.3",
      "css-loader": "^0.26.1",
      "es6-promise": "^4.0.5",
      "eslint": "^3.11.1",
      "eslint-plugin-babel": "^4.0.0",
      "eslint-plugin-react": "^6.8.0",
      "eventsource-polyfill": "^0.9.6",
      "express": "^4.14.0",
      "extract-text-webpack-plugin": "^1.0.1",
      "file-loader": "^0.9.0",
      "graphql-tag": "^1.1.2",
      "intl": "^1.2.5",
      "json-loader": "^0.5.4",
      "lodash": "^4.17.2",
      "moment": "^2.17.1",
      "moment-timezone": "^0.5.10",
      "node-sass": "^3.13.0",
      "node-sass": "^3.13.0",
      "postcss-cssnext": "^2.9.0",
      "postcss-loader": "^1.2.0",
      "pug": "^2.0.0-beta6",
      "raven": "^0.12.3",
      "raven-js": "^3.9.0",
      "react": "~15.4.1",
      "react-apollo": "^0.6.0",
      "react-dom": "~15.4.1",
      "react-intl": "^2.1.5",
      "react-redux": "^4.4.6",
      "react-router": "^3.0.0",
      "react-router-redux": "^4.0.7",
      "redux": "^3.6.0",
      "redux-thunk": "^2.1.0",
      "sass-loader": "^4.0.2",
      "serve-favicon": "^2.3.2",
      "style-loader": "^0.13.1",
      "superagent": "^3.1.0",
      "underscore.string": "^3.3.4",
      "webpack": "^1.14.0",
      "webpack-dev-middleware": "^1.8.4",
      "webpack-hot-middleware": "^2.13.0"
    },
    "devDependencies": {
      "nodemon": "1.11.0",
      "redux-devtools": "3.3.1",
      "redux-devtools-dock-monitor": "^1.1.1",
      "redux-devtools-log-monitor": "^1.1.1",
      "redux-logger": "^2.7.0"
    }
  }

yarn manifest: 
  No manifest

Lockfile: 
  No lockfile

Trace: 
  Error: https://registry.yarnpkg.com/lodash-es/-/lodash-es-4.17.2.tgz: unexpected end of file
      at Zlib._handle.onerror (zlib.js:355:17)
